# JRE version: OpenJDK Runtime Environment Temurin-21.0.4+7 (21.0.4+7) (build 21.0.4+7-LTS)
# Java VM: OpenJDK 64-Bit Server VM Temurin-21.0.4+7 (21.0.4+7-LTS, mixed mode, emulated-client, tiered, compressed oops, compressed class ptrs, g1 gc, windows-amd64)
GC Precious Log:
 CardTable entry size: 512
 Card Set container configuration: InlinePtr #cards 5 size 8 Array Of Cards #cards 12 size 40 Howl #buckets 4 coarsen threshold 1843 Howl Bitmap #cards 512 size 80 coarsen threshold 460 Card regions per heap region 1 cards per card region 2048
 CPUs: 8 total, 8 available
 Memory: 8029M
 Large Page Support: Disabled
 NUMA Support: Disabled
 Compressed Oops: Enabled (32-bit)
 Heap Region Size: 1M
 Heap Min Capacity: 8M
 Heap Initial Capacity: 126M
 Heap Max Capacity: 2008M
 Pre-touch: Disabled
 Parallel Workers: 8
 Concurrent Workers: 2
 Concurrent Refinement Workers: 8
 Periodic GC: Disabled
Heap:
 garbage-first heap   total 112640K, used 99183K [0x0000000082800000, 0x0000000100000000)
  region size 1024K, 72 young (73728K), 7 survivors (7168K)
 Metaspace       used 94669K, committed 95616K, reserved 1179648K
  class space    used 12591K, committed 12992K, reserved 1048576K
GC Heap History (20 events):
Event: 991.263 GC heap after
{Heap after GC invocations=66 (full 6):
 garbage-first heap   total 122880K, used 35595K [0x0000000082800000, 0x0000000100000000)
  region size 1024K, 0 young (0K), 0 survivors (0K)
 Metaspace       used 92869K, committed 93760K, reserved 1179648K
  class space    used 12413K, committed 12800K, reserved 1048576K
}
Event: 992.015 GC heap before
{Heap before GC invocations=66 (full 6):
 garbage-first heap   total 122880K, used 103179K [0x0000000082800000, 0x0000000100000000)
  region size 1024K, 67 young (68608K), 0 survivors (0K)
 Metaspace       used 93179K, committed 94016K, reserved 1179648K
  class space    used 12441K, committed 12800K, reserved 1048576K
}
Event: 992.020 GC heap after
{Heap after GC invocations=67 (full 6):
 garbage-first heap   total 122880K, used 41380K [0x0000000082800000, 0x0000000100000000)
  region size 1024K, 6 young (6144K), 6 survivors (6144K)
 Metaspace       used 93179K, committed 94016K, reserved 1179648K
  class space    used 12441K, committed 12800K, reserved 1048576K
}
Event: 1057.633 GC heap before
{Heap before GC invocations=68 (full 6):
 garbage-first heap   total 122880K, used 73124K [0x0000000082800000, 0x0000000100000000)
  region size 1024K, 38 young (38912K), 6 survivors (6144K)
 Metaspace       used 93239K, committed 94080K, reserved 1179648K
  class space    used 12444K, committed 12800K, reserved 1048576K
}
Event: 1057.691 GC heap after
{Heap after GC invocations=69 (full 7):
 garbage-first heap   total 122880K, used 35863K [0x0000000082800000, 0x0000000100000000)
  region size 1024K, 0 young (0K), 0 survivors (0K)
 Metaspace       used 93236K, committed 94080K, reserved 1179648K
  class space    used 12444K, committed 12800K, reserved 1048576K
}
Event: 1058.440 GC heap before
{Heap before GC invocations=69 (full 7):
 garbage-first heap   total 122880K, used 102423K [0x0000000082800000, 0x0000000100000000)
  region size 1024K, 66 young (67584K), 0 survivors (0K)
 Metaspace       used 93564K, committed 94464K, reserved 1179648K
  class space    used 12476K, committed 12864K, reserved 1048576K
}
Event: 1058.445 GC heap after
{Heap after GC invocations=70 (full 7):
 garbage-first heap   total 122880K, used 41115K [0x0000000082800000, 0x0000000100000000)
  region size 1024K, 6 young (6144K), 6 survivors (6144K)
 Metaspace       used 93564K, committed 94464K, reserved 1179648K
  class space    used 12476K, committed 12864K, reserved 1048576K
}
Event: 1063.223 GC heap before
{Heap before GC invocations=71 (full 7):
 garbage-first heap   total 122880K, used 53403K [0x0000000082800000, 0x0000000100000000)
  region size 1024K, 19 young (19456K), 6 survivors (6144K)
 Metaspace       used 93531K, committed 94464K, reserved 1179648K
  class space    used 12456K, committed 12864K, reserved 1048576K
}
Event: 1063.279 GC heap after
{Heap after GC invocations=72 (full 8):
 garbage-first heap   total 122880K, used 35710K [0x0000000082800000, 0x0000000100000000)
  region size 1024K, 0 young (0K), 0 survivors (0K)
 Metaspace       used 93528K, committed 94464K, reserved 1179648K
  class space    used 12455K, committed 12864K, reserved 1048576K
}
Event: 1064.028 GC heap before
{Heap before GC invocations=72 (full 8):
 garbage-first heap   total 122880K, used 102270K [0x0000000082800000, 0x0000000100000000)
  region size 1024K, 66 young (67584K), 0 survivors (0K)
 Metaspace       used 93845K, committed 94720K, reserved 1179648K
  class space    used 12488K, committed 12864K, reserved 1048576K
}
Event: 1064.033 GC heap after
{Heap after GC invocations=73 (full 8):
 garbage-first heap   total 122880K, used 41471K [0x0000000082800000, 0x0000000100000000)
  region size 1024K, 6 young (6144K), 6 survivors (6144K)
 Metaspace       used 93845K, committed 94720K, reserved 1179648K
  class space    used 12488K, committed 12864K, reserved 1048576K
}
Event: 1087.826 GC heap before
{Heap before GC invocations=74 (full 8):
 garbage-first heap   total 122880K, used 58879K [0x0000000082800000, 0x0000000100000000)
  region size 1024K, 25 young (25600K), 6 survivors (6144K)
 Metaspace       used 93906K, committed 94784K, reserved 1179648K
  class space    used 12493K, committed 12864K, reserved 1048576K
}
Event: 1087.926 GC heap after
{Heap after GC invocations=75 (full 9):
 garbage-first heap   total 122880K, used 35821K [0x0000000082800000, 0x0000000100000000)
  region size 1024K, 0 young (0K), 0 survivors (0K)
 Metaspace       used 93903K, committed 94784K, reserved 1179648K
  class space    used 12492K, committed 12864K, reserved 1048576K
}
Event: 1088.718 GC heap before
{Heap before GC invocations=75 (full 9):
 garbage-first heap   total 122880K, used 103405K [0x0000000082800000, 0x0000000100000000)
  region size 1024K, 67 young (68608K), 0 survivors (0K)
 Metaspace       used 94239K, committed 95104K, reserved 1179648K
  class space    used 12532K, committed 12928K, reserved 1048576K
}
Event: 1088.724 GC heap after
{Heap after GC invocations=76 (full 9):
 garbage-first heap   total 122880K, used 41707K [0x0000000082800000, 0x0000000100000000)
  region size 1024K, 6 young (6144K), 6 survivors (6144K)
 Metaspace       used 94239K, committed 95104K, reserved 1179648K
  class space    used 12532K, committed 12928K, reserved 1048576K
}
Event: 1250.203 GC heap before
{Heap before GC invocations=77 (full 9):
 garbage-first heap   total 122880K, used 106219K [0x0000000082800000, 0x0000000100000000)
  region size 1024K, 69 young (70656K), 6 survivors (6144K)
 Metaspace       used 94310K, committed 95168K, reserved 1179648K
  class space    used 12538K, committed 12928K, reserved 1048576K
}
Event: 1250.208 GC heap after
{Heap after GC invocations=78 (full 9):
 garbage-first heap   total 147456K, used 41143K [0x0000000082800000, 0x0000000100000000)
  region size 1024K, 2 young (2048K), 2 survivors (2048K)
 Metaspace       used 94310K, committed 95168K, reserved 1179648K
  class space    used 12538K, committed 12928K, reserved 1048576K
}
Event: 1385.519 GC heap before
{Heap before GC invocations=78 (full 9):
 garbage-first heap   total 147456K, used 89271K [0x0000000082800000, 0x0000000100000000)
  region size 1024K, 50 young (51200K), 2 survivors (2048K)
 Metaspace       used 94313K, committed 95168K, reserved 1179648K
  class space    used 12539K, committed 12928K, reserved 1048576K
}
Event: 1385.581 GC heap after
{Heap after GC invocations=79 (full 10):
 garbage-first heap   total 112640K, used 32624K [0x0000000082800000, 0x0000000100000000)
  region size 1024K, 0 young (0K), 0 survivors (0K)
 Metaspace       used 94250K, committed 95168K, reserved 1179648K
  class space    used 12524K, committed 12928K, reserved 1048576K
}
Event: 1393.784 GC heap before
{Heap before GC invocations=79 (full 10):
 garbage-first heap   total 112640K, used 98160K [0x0000000082800000, 0x0000000100000000)
  region size 1024K, 65 young (66560K), 0 survivors (0K)
 Metaspace       used 94669K, committed 95616K, reserved 1179648K
  class space    used 12591K, committed 12992K, reserved 1048576K
}

