# JRE version: OpenJDK Runtime Environment Temurin-21.0.4+7 (21.0.4+7) (build 21.0.4+7-LTS)
# Java VM: OpenJDK 64-Bit Server VM Temurin-21.0.4+7 (21.0.4+7-LTS, mixed mode, emulated-client, tiered, compressed oops, compressed class ptrs, g1 gc, windows-amd64)
GC Precious Log:
 CardTable entry size: 512
 Card Set container configuration: InlinePtr #cards 5 size 8 Array Of Cards #cards 12 size 40 Howl #buckets 4 coarsen threshold 1843 Howl Bitmap #cards 512 size 80 coarsen threshold 460 Card regions per heap region 1 cards per card region 2048
 CPUs: 8 total, 8 available
 Memory: 8029M
 Large Page Support: Disabled
 NUMA Support: Disabled
 Compressed Oops: Enabled (32-bit)
 Heap Region Size: 1M
 Heap Min Capacity: 8M
 Heap Initial Capacity: 126M
 Heap Max Capacity: 2008M
 Pre-touch: Disabled
 Parallel Workers: 8
 Concurrent Workers: 2
 Concurrent Refinement Workers: 8
 Periodic GC: Disabled
Heap:
 garbage-first heap   total 116736K, used 94528K [0x0000000082800000, 0x0000000100000000)
  region size 1024K, 59 young (60416K), 0 survivors (0K)
 Metaspace       used 98886K, committed 99840K, reserved 1179648K
  class space    used 13120K, committed 13568K, reserved 1048576K
GC Heap History (20 events):
Event: 4682.420 GC heap before
{Heap before GC invocations=86 (full 15):
 garbage-first heap   total 116736K, used 98908K [0x0000000082800000, 0x0000000100000000)
  region size 1024K, 63 young (64512K), 0 survivors (0K)
 Metaspace       used 97423K, committed 98304K, reserved 1179648K
  class space    used 12978K, committed 13376K, reserved 1048576K
}
Event: 4682.426 GC heap after
{Heap after GC invocations=87 (full 15):
 garbage-first heap   total 116736K, used 40789K [0x0000000082800000, 0x0000000100000000)
  region size 1024K, 6 young (6144K), 6 survivors (6144K)
 Metaspace       used 97423K, committed 98304K, reserved 1179648K
  class space    used 12978K, committed 13376K, reserved 1048576K
}
Event: 4696.414 GC heap before
{Heap before GC invocations=88 (full 15):
 garbage-first heap   total 116736K, used 51029K [0x0000000082800000, 0x0000000100000000)
  region size 1024K, 17 young (17408K), 6 survivors (6144K)
 Metaspace       used 97459K, committed 98304K, reserved 1179648K
  class space    used 12981K, committed 13376K, reserved 1048576K
}
Event: 4696.473 GC heap after
{Heap after GC invocations=89 (full 16):
 garbage-first heap   total 116736K, used 35700K [0x0000000082800000, 0x0000000100000000)
  region size 1024K, 0 young (0K), 0 survivors (0K)
 Metaspace       used 97454K, committed 98304K, reserved 1179648K
  class space    used 12980K, committed 13376K, reserved 1048576K
}
Event: 4697.304 GC heap before
{Heap before GC invocations=89 (full 16):
 garbage-first heap   total 116736K, used 99188K [0x0000000082800000, 0x0000000100000000)
  region size 1024K, 63 young (64512K), 0 survivors (0K)
 Metaspace       used 97747K, committed 98624K, reserved 1179648K
  class space    used 13010K, committed 13440K, reserved 1048576K
}
Event: 4697.309 GC heap after
{Heap after GC invocations=90 (full 16):
 garbage-first heap   total 116736K, used 40943K [0x0000000082800000, 0x0000000100000000)
  region size 1024K, 6 young (6144K), 6 survivors (6144K)
 Metaspace       used 97747K, committed 98624K, reserved 1179648K
  class space    used 13010K, committed 13440K, reserved 1048576K
}
Event: 4707.136 GC heap before
{Heap before GC invocations=91 (full 16):
 garbage-first heap   total 116736K, used 51183K [0x0000000082800000, 0x0000000100000000)
  region size 1024K, 17 young (17408K), 6 survivors (6144K)
 Metaspace       used 97780K, committed 98688K, reserved 1179648K
  class space    used 13014K, committed 13440K, reserved 1048576K
}
Event: 4707.210 GC heap after
{Heap after GC invocations=92 (full 17):
 garbage-first heap   total 116736K, used 35986K [0x0000000082800000, 0x0000000100000000)
  region size 1024K, 0 young (0K), 0 survivors (0K)
 Metaspace       used 97776K, committed 98688K, reserved 1179648K
  class space    used 13013K, committed 13440K, reserved 1048576K
}
Event: 4708.079 GC heap before
{Heap before GC invocations=92 (full 17):
 garbage-first heap   total 116736K, used 99474K [0x0000000082800000, 0x0000000100000000)
  region size 1024K, 63 young (64512K), 0 survivors (0K)
 Metaspace       used 98062K, committed 98944K, reserved 1179648K
  class space    used 13040K, committed 13440K, reserved 1048576K
}
Event: 4708.085 GC heap after
{Heap after GC invocations=93 (full 17):
 garbage-first heap   total 116736K, used 41599K [0x0000000082800000, 0x0000000100000000)
  region size 1024K, 6 young (6144K), 6 survivors (6144K)
 Metaspace       used 98062K, committed 98944K, reserved 1179648K
  class space    used 13040K, committed 13440K, reserved 1048576K
}
Event: 4721.029 GC heap before
{Heap before GC invocations=94 (full 17):
 garbage-first heap   total 116736K, used 51839K [0x0000000082800000, 0x0000000100000000)
  region size 1024K, 17 young (17408K), 6 survivors (6144K)
 Metaspace       used 98095K, committed 99008K, reserved 1179648K
  class space    used 13044K, committed 13440K, reserved 1048576K
}
Event: 4721.095 GC heap after
{Heap after GC invocations=95 (full 18):
 garbage-first heap   total 116736K, used 36264K [0x0000000082800000, 0x0000000100000000)
  region size 1024K, 0 young (0K), 0 survivors (0K)
 Metaspace       used 98092K, committed 99008K, reserved 1179648K
  class space    used 13043K, committed 13440K, reserved 1048576K
}
Event: 4721.835 GC heap before
{Heap before GC invocations=95 (full 18):
 garbage-first heap   total 116736K, used 99752K [0x0000000082800000, 0x0000000100000000)
  region size 1024K, 63 young (64512K), 0 survivors (0K)
 Metaspace       used 98379K, committed 99328K, reserved 1179648K
  class space    used 13068K, committed 13504K, reserved 1048576K
}
Event: 4721.840 GC heap after
{Heap after GC invocations=96 (full 18):
 garbage-first heap   total 116736K, used 41757K [0x0000000082800000, 0x0000000100000000)
  region size 1024K, 6 young (6144K), 6 survivors (6144K)
 Metaspace       used 98379K, committed 99328K, reserved 1179648K
  class space    used 13068K, committed 13504K, reserved 1048576K
}
Event: 4782.192 GC heap before
{Heap before GC invocations=97 (full 18):
 garbage-first heap   total 116736K, used 56093K [0x0000000082800000, 0x0000000100000000)
  region size 1024K, 21 young (21504K), 6 survivors (6144K)
 Metaspace       used 98415K, committed 99392K, reserved 1179648K
  class space    used 13071K, committed 13504K, reserved 1048576K
}
Event: 4782.259 GC heap after
{Heap after GC invocations=98 (full 19):
 garbage-first heap   total 116736K, used 36435K [0x0000000082800000, 0x0000000100000000)
  region size 1024K, 0 young (0K), 0 survivors (0K)
 Metaspace       used 98412K, committed 99392K, reserved 1179648K
  class space    used 13070K, committed 13504K, reserved 1048576K
}
Event: 4783.019 GC heap before
{Heap before GC invocations=98 (full 19):
 garbage-first heap   total 116736K, used 99923K [0x0000000082800000, 0x0000000100000000)
  region size 1024K, 63 young (64512K), 0 survivors (0K)
 Metaspace       used 98696K, committed 99648K, reserved 1179648K
  class space    used 13094K, committed 13504K, reserved 1048576K
}
Event: 4783.025 GC heap after
{Heap after GC invocations=99 (full 19):
 garbage-first heap   total 116736K, used 41802K [0x0000000082800000, 0x0000000100000000)
  region size 1024K, 6 young (6144K), 6 survivors (6144K)
 Metaspace       used 98696K, committed 99648K, reserved 1179648K
  class space    used 13094K, committed 13504K, reserved 1048576K
}
Event: 4939.095 GC heap before
{Heap before GC invocations=100 (full 19):
 garbage-first heap   total 116736K, used 65354K [0x0000000082800000, 0x0000000100000000)
  region size 1024K, 30 young (30720K), 6 survivors (6144K)
 Metaspace       used 98738K, committed 99648K, reserved 1179648K
  class space    used 13099K, committed 13504K, reserved 1048576K
}
Event: 4939.184 GC heap after
{Heap after GC invocations=101 (full 20):
 garbage-first heap   total 116736K, used 36160K [0x0000000082800000, 0x0000000100000000)
  region size 1024K, 0 young (0K), 0 survivors (0K)
 Metaspace       used 98735K, committed 99648K, reserved 1179648K
  class space    used 13098K, committed 13504K, reserved 1048576K
}

