# JRE version: OpenJDK Runtime Environment Temurin-21.0.4+7 (21.0.4+7) (build 21.0.4+7-LTS)
# Java VM: OpenJDK 64-Bit Server VM Temurin-21.0.4+7 (21.0.4+7-LTS, mixed mode, emulated-client, tiered, compressed oops, compressed class ptrs, g1 gc, windows-amd64)
GC Precious Log:
 CardTable entry size: 512
 Card Set container configuration: InlinePtr #cards 5 size 8 Array Of Cards #cards 12 size 40 Howl #buckets 4 coarsen threshold 1843 Howl Bitmap #cards 512 size 80 coarsen threshold 460 Card regions per heap region 1 cards per card region 2048
 CPUs: 8 total, 8 available
 Memory: 8029M
 Large Page Support: Disabled
 NUMA Support: Disabled
 Compressed Oops: Enabled (32-bit)
 Heap Region Size: 1M
 Heap Min Capacity: 8M
 Heap Initial Capacity: 126M
 Heap Max Capacity: 2008M
 Pre-touch: Disabled
 Parallel Workers: 8
 Concurrent Workers: 2
 Concurrent Refinement Workers: 8
 Periodic GC: Disabled
Heap:
 garbage-first heap   total 89088K, used 37778K [0x0000000082800000, 0x0000000100000000)
  region size 1024K, 9 young (9216K), 4 survivors (4096K)
 Metaspace       used 87378K, committed 88128K, reserved 1179648K
  class space    used 11493K, committed 11776K, reserved 1048576K
GC Heap History (20 events):
Event: 225.551 GC heap before
{Heap before GC invocations=34 (full 2):
 garbage-first heap   total 89088K, used 74723K [0x0000000082800000, 0x0000000100000000)
  region size 1024K, 48 young (49152K), 0 survivors (0K)
 Metaspace       used 83270K, committed 84032K, reserved 1179648K
  class space    used 10955K, committed 11328K, reserved 1048576K
}
Event: 225.555 GC heap after
{Heap after GC invocations=35 (full 2):
 garbage-first heap   total 89088K, used 31070K [0x0000000082800000, 0x0000000100000000)
  region size 1024K, 5 young (5120K), 5 survivors (5120K)
 Metaspace       used 83270K, committed 84032K, reserved 1179648K
  class space    used 10955K, committed 11328K, reserved 1048576K
}
Event: 251.980 GC heap before
{Heap before GC invocations=36 (full 2):
 garbage-first heap   total 89088K, used 55646K [0x0000000082800000, 0x0000000100000000)
  region size 1024K, 30 young (30720K), 5 survivors (5120K)
 Metaspace       used 83454K, committed 84160K, reserved 1179648K
  class space    used 10967K, committed 11328K, reserved 1048576K
}
Event: 252.012 GC heap after
{Heap after GC invocations=37 (full 3):
 garbage-first heap   total 89088K, used 26930K [0x0000000082800000, 0x0000000100000000)
  region size 1024K, 0 young (0K), 0 survivors (0K)
 Metaspace       used 83430K, committed 84160K, reserved 1179648K
  class space    used 10961K, committed 11328K, reserved 1048576K
}
Event: 252.485 GC heap before
{Heap before GC invocations=37 (full 3):
 garbage-first heap   total 89088K, used 75058K [0x0000000082800000, 0x0000000100000000)
  region size 1024K, 48 young (49152K), 0 survivors (0K)
 Metaspace       used 83568K, committed 84288K, reserved 1179648K
  class space    used 10981K, committed 11328K, reserved 1048576K
}
Event: 252.488 GC heap after
{Heap after GC invocations=38 (full 3):
 garbage-first heap   total 89088K, used 31240K [0x0000000082800000, 0x0000000100000000)
  region size 1024K, 5 young (5120K), 5 survivors (5120K)
 Metaspace       used 83568K, committed 84288K, reserved 1179648K
  class space    used 10981K, committed 11328K, reserved 1048576K
}
Event: 265.512 GC heap before
{Heap before GC invocations=39 (full 3):
 garbage-first heap   total 89088K, used 54792K [0x0000000082800000, 0x0000000100000000)
  region size 1024K, 29 young (29696K), 5 survivors (5120K)
 Metaspace       used 83669K, committed 84416K, reserved 1179648K
  class space    used 10971K, committed 11328K, reserved 1048576K
}
Event: 265.544 GC heap after
{Heap after GC invocations=40 (full 4):
 garbage-first heap   total 89088K, used 27069K [0x0000000082800000, 0x0000000100000000)
  region size 1024K, 0 young (0K), 0 survivors (0K)
 Metaspace       used 83667K, committed 84416K, reserved 1179648K
  class space    used 10970K, committed 11328K, reserved 1048576K
}
Event: 266.080 GC heap before
{Heap before GC invocations=40 (full 4):
 garbage-first heap   total 89088K, used 75197K [0x0000000082800000, 0x0000000100000000)
  region size 1024K, 48 young (49152K), 0 survivors (0K)
 Metaspace       used 83803K, committed 84480K, reserved 1179648K
  class space    used 10991K, committed 11328K, reserved 1048576K
}
Event: 266.084 GC heap after
{Heap after GC invocations=41 (full 4):
 garbage-first heap   total 89088K, used 31474K [0x0000000082800000, 0x0000000100000000)
  region size 1024K, 5 young (5120K), 5 survivors (5120K)
 Metaspace       used 83803K, committed 84480K, reserved 1179648K
  class space    used 10991K, committed 11328K, reserved 1048576K
}
Event: 291.498 GC heap before
{Heap before GC invocations=42 (full 4):
 garbage-first heap   total 89088K, used 55026K [0x0000000082800000, 0x0000000100000000)
  region size 1024K, 29 young (29696K), 5 survivors (5120K)
 Metaspace       used 83989K, committed 84672K, reserved 1179648K
  class space    used 11004K, committed 11328K, reserved 1048576K
}
Event: 291.544 GC heap after
{Heap after GC invocations=43 (full 5):
 garbage-first heap   total 89088K, used 27273K [0x0000000082800000, 0x0000000100000000)
  region size 1024K, 0 young (0K), 0 survivors (0K)
 Metaspace       used 83986K, committed 84672K, reserved 1179648K
  class space    used 11003K, committed 11328K, reserved 1048576K
}
Event: 292.042 GC heap before
{Heap before GC invocations=43 (full 5):
 garbage-first heap   total 89088K, used 75401K [0x0000000082800000, 0x0000000100000000)
  region size 1024K, 48 young (49152K), 0 survivors (0K)
 Metaspace       used 84128K, committed 84800K, reserved 1179648K
  class space    used 11024K, committed 11328K, reserved 1048576K
}
Event: 292.046 GC heap after
{Heap after GC invocations=44 (full 5):
 garbage-first heap   total 89088K, used 31470K [0x0000000082800000, 0x0000000100000000)
  region size 1024K, 5 young (5120K), 5 survivors (5120K)
 Metaspace       used 84128K, committed 84800K, reserved 1179648K
  class space    used 11024K, committed 11328K, reserved 1048576K
}
Event: 322.836 GC heap before
{Heap before GC invocations=45 (full 5):
 garbage-first heap   total 89088K, used 75502K [0x0000000082800000, 0x0000000100000000)
  region size 1024K, 49 young (50176K), 5 survivors (5120K)
 Metaspace       used 86156K, committed 86848K, reserved 1179648K
  class space    used 11306K, committed 11584K, reserved 1048576K
}
Event: 322.841 GC heap after
{Heap after GC invocations=46 (full 5):
 garbage-first heap   total 89088K, used 34455K [0x0000000082800000, 0x0000000100000000)
  region size 1024K, 5 young (5120K), 5 survivors (5120K)
 Metaspace       used 86156K, committed 86848K, reserved 1179648K
  class space    used 11306K, committed 11584K, reserved 1048576K
}
Event: 408.775 GC heap before
{Heap before GC invocations=46 (full 5):
 garbage-first heap   total 89088K, used 51863K [0x0000000082800000, 0x0000000100000000)
  region size 1024K, 23 young (23552K), 5 survivors (5120K)
 Metaspace       used 87318K, committed 88000K, reserved 1179648K
  class space    used 11493K, committed 11776K, reserved 1048576K
}
Event: 408.811 GC heap after
{Heap after GC invocations=47 (full 6):
 garbage-first heap   total 89088K, used 29800K [0x0000000082800000, 0x0000000100000000)
  region size 1024K, 0 young (0K), 0 survivors (0K)
 Metaspace       used 87316K, committed 88000K, reserved 1179648K
  class space    used 11492K, committed 11776K, reserved 1048576K
}
Event: 409.227 GC heap before
{Heap before GC invocations=47 (full 6):
 garbage-first heap   total 89088K, used 74856K [0x0000000082800000, 0x0000000100000000)
  region size 1024K, 45 young (46080K), 0 survivors (0K)
 Metaspace       used 87404K, committed 88064K, reserved 1179648K
  class space    used 11505K, committed 11776K, reserved 1048576K
}
Event: 409.230 GC heap after
{Heap after GC invocations=48 (full 6):
 garbage-first heap   total 89088K, used 33682K [0x0000000082800000, 0x0000000100000000)
  region size 1024K, 4 young (4096K), 4 survivors (4096K)
 Metaspace       used 87404K, committed 88064K, reserved 1179648K
  class space    used 11505K, committed 11776K, reserved 1048576K
}

