# JRE version: OpenJDK Runtime Environment Temurin-21.0.4+7 (21.0.4+7) (build 21.0.4+7-LTS)
# Java VM: OpenJDK 64-Bit Server VM Temurin-21.0.4+7 (21.0.4+7-LTS, mixed mode, emulated-client, tiered, compressed oops, compressed class ptrs, g1 gc, windows-amd64)
GC Precious Log:
 CardTable entry size: 512
 Card Set container configuration: InlinePtr #cards 5 size 8 Array Of Cards #cards 12 size 40 Howl #buckets 4 coarsen threshold 1843 Howl Bitmap #cards 512 size 80 coarsen threshold 460 Card regions per heap region 1 cards per card region 2048
 CPUs: 8 total, 8 available
 Memory: 8029M
 Large Page Support: Disabled
 NUMA Support: Disabled
 Compressed Oops: Enabled (32-bit)
 Heap Region Size: 1M
 Heap Min Capacity: 8M
 Heap Initial Capacity: 126M
 Heap Max Capacity: 2008M
 Pre-touch: Disabled
 Parallel Workers: 8
 Concurrent Workers: 2
 Concurrent Refinement Workers: 8
 Periodic GC: Disabled
Heap:
 garbage-first heap   total 116736K, used 101360K [0x0000000082800000, 0x0000000100000000)
  region size 1024K, 59 young (60416K), 1 survivors (1024K)
 Metaspace       used 98572K, committed 100224K, reserved 1179648K
  class space    used 13074K, committed 14144K, reserved 1048576K
GC Heap History (20 events):
Event: 2836.188 GC heap after
{Heap after GC invocations=165 (full 33):
 garbage-first heap   total 116736K, used 42251K [0x0000000082800000, 0x0000000100000000)
  region size 1024K, 8 young (8192K), 8 survivors (8192K)
 Metaspace       used 98795K, committed 100672K, reserved 1179648K
  class space    used 13119K, committed 14144K, reserved 1048576K
}
Event: 2843.090 GC heap before
{Heap before GC invocations=166 (full 33):
 garbage-first heap   total 116736K, used 61707K [0x0000000082800000, 0x0000000100000000)
  region size 1024K, 28 young (28672K), 8 survivors (8192K)
 Metaspace       used 98867K, committed 100672K, reserved 1179648K
  class space    used 13127K, committed 14144K, reserved 1048576K
}
Event: 2843.162 GC heap after
{Heap after GC invocations=167 (full 34):
 garbage-first heap   total 116736K, used 36271K [0x0000000082800000, 0x0000000100000000)
  region size 1024K, 0 young (0K), 0 survivors (0K)
 Metaspace       used 98389K, committed 100416K, reserved 1179648K
  class space    used 13074K, committed 14144K, reserved 1048576K
}
Event: 2844.637 GC heap before
{Heap before GC invocations=167 (full 34):
 garbage-first heap   total 116736K, used 100783K [0x0000000082800000, 0x0000000100000000)
  region size 1024K, 64 young (65536K), 0 survivors (0K)
 Metaspace       used 98755K, committed 100416K, reserved 1179648K
  class space    used 13108K, committed 14144K, reserved 1048576K
}
Event: 2844.641 GC heap after
{Heap after GC invocations=168 (full 34):
 garbage-first heap   total 116736K, used 41962K [0x0000000082800000, 0x0000000100000000)
  region size 1024K, 6 young (6144K), 6 survivors (6144K)
 Metaspace       used 98755K, committed 100416K, reserved 1179648K
  class space    used 13108K, committed 14144K, reserved 1048576K
}
Event: 2931.791 GC heap before
{Heap before GC invocations=169 (full 34):
 garbage-first heap   total 116736K, used 100330K [0x0000000082800000, 0x0000000100000000)
  region size 1024K, 63 young (64512K), 6 survivors (6144K)
 Metaspace       used 98811K, committed 100416K, reserved 1179648K
  class space    used 13112K, committed 14144K, reserved 1048576K
}
Event: 2931.798 GC heap after
{Heap after GC invocations=170 (full 34):
 garbage-first heap   total 116736K, used 41509K [0x0000000082800000, 0x0000000100000000)
  region size 1024K, 2 young (2048K), 2 survivors (2048K)
 Metaspace       used 98811K, committed 100416K, reserved 1179648K
  class space    used 13112K, committed 14144K, reserved 1048576K
}
Event: 2983.849 GC heap before
{Heap before GC invocations=170 (full 34):
 garbage-first heap   total 116736K, used 69157K [0x0000000082800000, 0x0000000100000000)
  region size 1024K, 30 young (30720K), 2 survivors (2048K)
 Metaspace       used 98815K, committed 100416K, reserved 1179648K
  class space    used 13112K, committed 14144K, reserved 1048576K
}
Event: 2983.931 GC heap after
{Heap after GC invocations=171 (full 35):
 garbage-first heap   total 116736K, used 33218K [0x0000000082800000, 0x0000000100000000)
  region size 1024K, 0 young (0K), 0 survivors (0K)
 Metaspace       used 97994K, committed 99904K, reserved 1179648K
  class space    used 13019K, committed 14144K, reserved 1048576K
}
Event: 2986.366 GC heap before
{Heap before GC invocations=171 (full 35):
 garbage-first heap   total 116736K, used 100802K [0x0000000082800000, 0x0000000100000000)
  region size 1024K, 67 young (68608K), 0 survivors (0K)
 Metaspace       used 98515K, committed 100096K, reserved 1179648K
  class space    used 13094K, committed 14144K, reserved 1048576K
}
Event: 2986.372 GC heap after
{Heap after GC invocations=172 (full 35):
 garbage-first heap   total 116736K, used 40279K [0x0000000082800000, 0x0000000100000000)
  region size 1024K, 7 young (7168K), 7 survivors (7168K)
 Metaspace       used 98515K, committed 100096K, reserved 1179648K
  class space    used 13094K, committed 14144K, reserved 1048576K
}
Event: 3051.142 GC heap before
{Heap before GC invocations=173 (full 35):
 garbage-first heap   total 116736K, used 91479K [0x0000000082800000, 0x0000000100000000)
  region size 1024K, 58 young (59392K), 7 survivors (7168K)
 Metaspace       used 98600K, committed 100160K, reserved 1179648K
  class space    used 13104K, committed 14144K, reserved 1048576K
}
Event: 3051.213 GC heap after
{Heap after GC invocations=174 (full 36):
 garbage-first heap   total 116736K, used 36287K [0x0000000082800000, 0x0000000100000000)
  region size 1024K, 0 young (0K), 0 survivors (0K)
 Metaspace       used 98245K, committed 99968K, reserved 1179648K
  class space    used 13061K, committed 14144K, reserved 1048576K
}
Event: 3052.658 GC heap before
{Heap before GC invocations=174 (full 36):
 garbage-first heap   total 116736K, used 100799K [0x0000000082800000, 0x0000000100000000)
  region size 1024K, 64 young (65536K), 0 survivors (0K)
 Metaspace       used 98610K, committed 100160K, reserved 1179648K
  class space    used 13095K, committed 14144K, reserved 1048576K
}
Event: 3052.665 GC heap after
{Heap after GC invocations=175 (full 36):
 garbage-first heap   total 116736K, used 41677K [0x0000000082800000, 0x0000000100000000)
  region size 1024K, 6 young (6144K), 6 survivors (6144K)
 Metaspace       used 98610K, committed 100160K, reserved 1179648K
  class space    used 13095K, committed 14144K, reserved 1048576K
}
Event: 3089.195 GC heap before
{Heap before GC invocations=176 (full 36):
 garbage-first heap   total 116736K, used 74445K [0x0000000082800000, 0x0000000100000000)
  region size 1024K, 39 young (39936K), 6 survivors (6144K)
 Metaspace       used 98668K, committed 100288K, reserved 1179648K
  class space    used 13099K, committed 14144K, reserved 1048576K
}
Event: 3089.266 GC heap after
{Heap after GC invocations=177 (full 37):
 garbage-first heap   total 116736K, used 36593K [0x0000000082800000, 0x0000000100000000)
  region size 1024K, 0 young (0K), 0 survivors (0K)
 Metaspace       used 98372K, committed 100096K, reserved 1179648K
  class space    used 13070K, committed 14144K, reserved 1048576K
}
Event: 3101.919 GC heap before
{Heap before GC invocations=177 (full 37):
 garbage-first heap   total 116736K, used 101105K [0x0000000082800000, 0x0000000100000000)
  region size 1024K, 64 young (65536K), 0 survivors (0K)
 Metaspace       used 98668K, committed 100224K, reserved 1179648K
  class space    used 13099K, committed 14144K, reserved 1048576K
}
Event: 3101.929 GC heap after
{Heap after GC invocations=178 (full 37):
 garbage-first heap   total 116736K, used 41968K [0x0000000082800000, 0x0000000100000000)
  region size 1024K, 6 young (6144K), 6 survivors (6144K)
 Metaspace       used 98668K, committed 100224K, reserved 1179648K
  class space    used 13099K, committed 14144K, reserved 1048576K
}
Event: 3229.892 GC heap before
{Heap before GC invocations=179 (full 37):
 garbage-first heap   total 116736K, used 101360K [0x0000000082800000, 0x0000000100000000)
  region size 1024K, 64 young (65536K), 6 survivors (6144K)
 Metaspace       used 98572K, committed 100224K, reserved 1179648K
  class space    used 13074K, committed 14144K, reserved 1048576K
}

