# JRE version: OpenJDK Runtime Environment Temurin-21.0.4+7 (21.0.4+7) (build 21.0.4+7-LTS)
# Java VM: OpenJDK 64-Bit Server VM Temurin-21.0.4+7 (21.0.4+7-LTS, mixed mode, emulated-client, tiered, compressed oops, compressed class ptrs, g1 gc, windows-amd64)
GC Precious Log:
 CardTable entry size: 512
 Card Set container configuration: InlinePtr #cards 5 size 8 Array Of Cards #cards 12 size 40 Howl #buckets 4 coarsen threshold 1843 Howl Bitmap #cards 512 size 80 coarsen threshold 460 Card regions per heap region 1 cards per card region 2048
 CPUs: 8 total, 8 available
 Memory: 8029M
 Large Page Support: Disabled
 NUMA Support: Disabled
 Compressed Oops: Enabled (32-bit)
 Heap Region Size: 1M
 Heap Min Capacity: 8M
 Heap Initial Capacity: 126M
 Heap Max Capacity: 2008M
 Pre-touch: Disabled
 Parallel Workers: 8
 Concurrent Workers: 2
 Concurrent Refinement Workers: 8
 Periodic GC: Disabled
Heap:
 garbage-first heap   total 188416K, used 177151K [0x0000000082800000, 0x0000000100000000)
  region size 1024K, 63 young (64512K), 1 survivors (1024K)
 Metaspace       used 104356K, committed 105728K, reserved 1179648K
  class space    used 13831K, committed 14464K, reserved 1048576K
GC Heap History (20 events):
Event: 6726.001 GC heap after
{Heap after GC invocations=130 (full 1):
 garbage-first heap   total 184320K, used 110242K [0x0000000082800000, 0x0000000100000000)
  region size 1024K, 7 young (7168K), 7 survivors (7168K)
 Metaspace       used 103688K, committed 105024K, reserved 1179648K
  class space    used 13755K, committed 14400K, reserved 1048576K
}
Event: 6742.290 GC heap before
{Heap before GC invocations=130 (full 1):
 garbage-first heap   total 184320K, used 166562K [0x0000000082800000, 0x0000000100000000)
  region size 1024K, 63 young (64512K), 7 survivors (7168K)
 Metaspace       used 103924K, committed 105216K, reserved 1179648K
  class space    used 13774K, committed 14400K, reserved 1048576K
}
Event: 6742.302 GC heap after
{Heap after GC invocations=131 (full 1):
 garbage-first heap   total 184320K, used 112183K [0x0000000082800000, 0x0000000100000000)
  region size 1024K, 6 young (6144K), 6 survivors (6144K)
 Metaspace       used 103924K, committed 105216K, reserved 1179648K
  class space    used 13774K, committed 14400K, reserved 1048576K
}
Event: 6776.864 GC heap before
{Heap before GC invocations=132 (full 1):
 garbage-first heap   total 188416K, used 167479K [0x0000000082800000, 0x0000000100000000)
  region size 1024K, 60 young (61440K), 6 survivors (6144K)
 Metaspace       used 103924K, committed 105216K, reserved 1179648K
  class space    used 13774K, committed 14400K, reserved 1048576K
}
Event: 6776.867 GC heap after
{Heap after GC invocations=133 (full 1):
 garbage-first heap   total 188416K, used 112535K [0x0000000082800000, 0x0000000100000000)
  region size 1024K, 3 young (3072K), 3 survivors (3072K)
 Metaspace       used 103924K, committed 105216K, reserved 1179648K
  class space    used 13774K, committed 14400K, reserved 1048576K
}
Event: 6816.942 GC heap before
{Heap before GC invocations=133 (full 1):
 garbage-first heap   total 188416K, used 174999K [0x0000000082800000, 0x0000000100000000)
  region size 1024K, 64 young (65536K), 3 survivors (3072K)
 Metaspace       used 103924K, committed 105216K, reserved 1179648K
  class space    used 13774K, committed 14400K, reserved 1048576K
}
Event: 6816.946 GC heap after
{Heap after GC invocations=134 (full 1):
 garbage-first heap   total 188416K, used 111321K [0x0000000082800000, 0x0000000100000000)
  region size 1024K, 3 young (3072K), 3 survivors (3072K)
 Metaspace       used 103924K, committed 105216K, reserved 1179648K
  class space    used 13774K, committed 14400K, reserved 1048576K
}
Event: 6856.766 GC heap before
{Heap before GC invocations=134 (full 1):
 garbage-first heap   total 188416K, used 174809K [0x0000000082800000, 0x0000000100000000)
  region size 1024K, 65 young (66560K), 3 survivors (3072K)
 Metaspace       used 103924K, committed 105216K, reserved 1179648K
  class space    used 13774K, committed 14400K, reserved 1048576K
}
Event: 6856.776 GC heap after
{Heap after GC invocations=135 (full 1):
 garbage-first heap   total 188416K, used 111085K [0x0000000082800000, 0x0000000100000000)
  region size 1024K, 3 young (3072K), 3 survivors (3072K)
 Metaspace       used 103924K, committed 105216K, reserved 1179648K
  class space    used 13774K, committed 14400K, reserved 1048576K
}
Event: 6896.586 GC heap before
{Heap before GC invocations=136 (full 1):
 garbage-first heap   total 188416K, used 174573K [0x0000000082800000, 0x0000000100000000)
  region size 1024K, 65 young (66560K), 3 survivors (3072K)
 Metaspace       used 103872K, committed 105216K, reserved 1179648K
  class space    used 13761K, committed 14400K, reserved 1048576K
}
Event: 6896.588 GC heap after
{Heap after GC invocations=137 (full 1):
 garbage-first heap   total 188416K, used 110977K [0x0000000082800000, 0x0000000100000000)
  region size 1024K, 3 young (3072K), 3 survivors (3072K)
 Metaspace       used 103872K, committed 105216K, reserved 1179648K
  class space    used 13761K, committed 14400K, reserved 1048576K
}
Event: 6934.840 GC heap before
{Heap before GC invocations=137 (full 1):
 garbage-first heap   total 188416K, used 174465K [0x0000000082800000, 0x0000000100000000)
  region size 1024K, 65 young (66560K), 3 survivors (3072K)
 Metaspace       used 103882K, committed 105216K, reserved 1179648K
  class space    used 13763K, committed 14400K, reserved 1048576K
}
Event: 6934.844 GC heap after
{Heap after GC invocations=138 (full 1):
 garbage-first heap   total 188416K, used 108719K [0x0000000082800000, 0x0000000100000000)
  region size 1024K, 3 young (3072K), 3 survivors (3072K)
 Metaspace       used 103882K, committed 105216K, reserved 1179648K
  class space    used 13763K, committed 14400K, reserved 1048576K
}
Event: 6961.695 GC heap before
{Heap before GC invocations=138 (full 1):
 garbage-first heap   total 188416K, used 173231K [0x0000000082800000, 0x0000000100000000)
  region size 1024K, 67 young (68608K), 3 survivors (3072K)
 Metaspace       used 103942K, committed 105280K, reserved 1179648K
  class space    used 13777K, committed 14400K, reserved 1048576K
}
Event: 6961.698 GC heap after
{Heap after GC invocations=139 (full 1):
 garbage-first heap   total 188416K, used 110660K [0x0000000082800000, 0x0000000100000000)
  region size 1024K, 5 young (5120K), 5 survivors (5120K)
 Metaspace       used 103942K, committed 105280K, reserved 1179648K
  class space    used 13777K, committed 14400K, reserved 1048576K
}
Event: 6972.057 GC heap before
{Heap before GC invocations=140 (full 1):
 garbage-first heap   total 188416K, used 171076K [0x0000000082800000, 0x0000000100000000)
  region size 1024K, 65 young (66560K), 5 survivors (5120K)
 Metaspace       used 104352K, committed 105728K, reserved 1179648K
  class space    used 13831K, committed 14464K, reserved 1048576K
}
Event: 6972.062 GC heap after
{Heap after GC invocations=141 (full 1):
 garbage-first heap   total 188416K, used 114571K [0x0000000082800000, 0x0000000100000000)
  region size 1024K, 9 young (9216K), 9 survivors (9216K)
 Metaspace       used 104352K, committed 105728K, reserved 1179648K
  class space    used 13831K, committed 14464K, reserved 1048576K
}
Event: 7005.729 GC heap before
{Heap before GC invocations=141 (full 1):
 garbage-first heap   total 188416K, used 167819K [0x0000000082800000, 0x0000000100000000)
  region size 1024K, 61 young (62464K), 9 survivors (9216K)
 Metaspace       used 104352K, committed 105728K, reserved 1179648K
  class space    used 13831K, committed 14464K, reserved 1048576K
}
Event: 7005.735 GC heap after
{Heap after GC invocations=142 (full 1):
 garbage-first heap   total 188416K, used 113663K [0x0000000082800000, 0x0000000100000000)
  region size 1024K, 1 young (1024K), 1 survivors (1024K)
 Metaspace       used 104352K, committed 105728K, reserved 1179648K
  class space    used 13831K, committed 14464K, reserved 1048576K
}
Event: 7044.451 GC heap before
{Heap before GC invocations=142 (full 1):
 garbage-first heap   total 188416K, used 177151K [0x0000000082800000, 0x0000000100000000)
  region size 1024K, 63 young (64512K), 1 survivors (1024K)
 Metaspace       used 104356K, committed 105728K, reserved 1179648K
  class space    used 13831K, committed 14464K, reserved 1048576K
}

